<?xml version="1.0" encoding="UTF-8"?>
<!-- Generated by org.testng.reporters.JUnitReportReporter -->
<testsuite skipped="0" hostname="LAPTOP-QOQAIFT8" name="AppiumMaven.MavenAppium.AppiumTest" tests="1" failures="0" timestamp="2021-10-04T14:30:45 IST" time="0.004" errors="0">
  <testcase name="App" time="0.004" classname="AppiumMaven.MavenAppium.AppiumTest"/>
  <system-out/>
</testsuite> <!-- AppiumMaven.MavenAppium.AppiumTest -->
