<?xml version="1.0" encoding="UTF-8"?>
<!-- Generated by org.testng.reporters.JUnitReportReporter -->
<testsuite skipped="0" hostname="LAPTOP-QOQAIFT8" name="AppiumMaven.MavenAppium.SeleniumTest" tests="1" failures="0" timestamp="2021-10-04T14:30:10 IST" time="0.000" errors="0">
  <testcase name="sell" time="0.000" classname="AppiumMaven.MavenAppium.SeleniumTest"/>
  <system-out/>
</testsuite> <!-- AppiumMaven.MavenAppium.SeleniumTest -->
